自動取得 2025-06-24 ~ 2025-06-30 的LINE粉絲資料...

📅 日期：2025-06-24
  ⚠️ 此日期已存在於資料庫，略過寫入。

📅 日期：2025-06-25
  ⚠️ 此日期已存在於資料庫，略過寫入。

📅 日期：2025-06-26
  ⚠️ 此日期已存在於資料庫，略過寫入。

📅 日期：2025-06-27
  ⚠️ 此日期已存在於資料庫，略過寫入。

📅 日期：2025-06-28
  ⚠️ 此日期已存在於資料庫，略過寫入。

📅 日期：2025-06-29
  ⚠️ 此日期已存在於資料庫，略過寫入。

📅 日期：2025-06-30
  👥 總好友數(total_follower)：61313
  🚫 總封鎖數(total_blocks)：24876
  📣 可傳送好友數(reachable_users)：35771
  ➕ 新增好友數(new_followers)：20
  ➖ 新增封鎖數(new_blocks)：4
  🔄 淨增減數(net_gain)：16
自動取得 2025-06-25 ~ 2025-07-01 的LINE粉絲資料...

📅 日期：2025-06-25
  ⚠️ 此日期已存在於資料庫，略過寫入。

📅 日期：2025-06-26
  ⚠️ 此日期已存在於資料庫，略過寫入。

📅 日期：2025-06-27
  ⚠️ 此日期已存在於資料庫，略過寫入。

📅 日期：2025-06-28
  ⚠️ 此日期已存在於資料庫，略過寫入。

📅 日期：2025-06-29
  ⚠️ 此日期已存在於資料庫，略過寫入。

📅 日期：2025-06-30
  ⚠️ 此日期已存在於資料庫，略過寫入。

📅 日期：2025-07-01
  👥 總好友數(total_follower)：61339
  🚫 總封鎖數(total_blocks)：24882
  📣 可傳送好友數(reachable_users)：35790
  ➕ 新增好友數(new_followers)：26
  ➖ 新增封鎖數(new_blocks)：6
  🔄 淨增減數(net_gain)：20
自動取得 2025-06-26 ~ 2025-07-02 的LINE粉絲資料...

📅 日期：2025-06-26
  ⚠️ 此日期已存在於資料庫，略過寫入。

📅 日期：2025-06-27
  ⚠️ 此日期已存在於資料庫，略過寫入。

📅 日期：2025-06-28
  ⚠️ 此日期已存在於資料庫，略過寫入。

📅 日期：2025-06-29
  ⚠️ 此日期已存在於資料庫，略過寫入。

📅 日期：2025-06-30
  ⚠️ 此日期已存在於資料庫，略過寫入。

📅 日期：2025-07-01
  ⚠️ 此日期已存在於資料庫，略過寫入。

📅 日期：2025-07-02
  👥 總好友數(total_follower)：61360
  🚫 總封鎖數(total_blocks)：24926
  📣 可傳送好友數(reachable_users)：35767
  ➕ 新增好友數(new_followers)：21
  ➖ 新增封鎖數(new_blocks)：44
  🔄 淨增減數(net_gain)：-23
自動取得 2025-06-27 ~ 2025-07-03 的LINE粉絲資料...

📅 日期：2025-06-27
  ⚠️ 此日期已存在於資料庫，略過寫入。

📅 日期：2025-06-28
  ⚠️ 此日期已存在於資料庫，略過寫入。

📅 日期：2025-06-29
  ⚠️ 此日期已存在於資料庫，略過寫入。

📅 日期：2025-06-30
  ⚠️ 此日期已存在於資料庫，略過寫入。

📅 日期：2025-07-01
  ⚠️ 此日期已存在於資料庫，略過寫入。

📅 日期：2025-07-02
  ⚠️ 此日期已存在於資料庫，略過寫入。

📅 日期：2025-07-03
  👥 總好友數(total_follower)：61381
  🚫 總封鎖數(total_blocks)：24942
  📣 可傳送好友數(reachable_users)：35771
  ➕ 新增好友數(new_followers)：21
  ➖ 新增封鎖數(new_blocks)：16
  🔄 淨增減數(net_gain)：5
自動取得 2025-06-28 ~ 2025-07-04 的LINE粉絲資料...

📅 日期：2025-06-28
  ⚠️ 此日期已存在於資料庫，略過寫入。

📅 日期：2025-06-29
  ⚠️ 此日期已存在於資料庫，略過寫入。

📅 日期：2025-06-30
  ⚠️ 此日期已存在於資料庫，略過寫入。

📅 日期：2025-07-01
  ⚠️ 此日期已存在於資料庫，略過寫入。

📅 日期：2025-07-02
  ⚠️ 此日期已存在於資料庫，略過寫入。

📅 日期：2025-07-03
  ⚠️ 此日期已存在於資料庫，略過寫入。

📅 日期：2025-07-04
  👥 總好友數(total_follower)：61388
  🚫 總封鎖數(total_blocks)：24954
  📣 可傳送好友數(reachable_users)：35766
  ➕ 新增好友數(new_followers)：7
  ➖ 新增封鎖數(new_blocks)：12
  🔄 淨增減數(net_gain)：-5
自動取得 2025-06-29 ~ 2025-07-05 的LINE粉絲資料...

📅 日期：2025-06-29
  ⚠️ 此日期已存在於資料庫，略過寫入。

📅 日期：2025-06-30
  ⚠️ 此日期已存在於資料庫，略過寫入。

📅 日期：2025-07-01
  ⚠️ 此日期已存在於資料庫，略過寫入。

📅 日期：2025-07-02
  ⚠️ 此日期已存在於資料庫，略過寫入。

📅 日期：2025-07-03
  ⚠️ 此日期已存在於資料庫，略過寫入。

📅 日期：2025-07-04
  ⚠️ 此日期已存在於資料庫，略過寫入。

📅 日期：2025-07-05
  👥 總好友數(total_follower)：61395
  🚫 總封鎖數(total_blocks)：24983
  📣 可傳送好友數(reachable_users)：35743
  ➕ 新增好友數(new_followers)：7
  ➖ 新增封鎖數(new_blocks)：29
  🔄 淨增減數(net_gain)：-22
自動取得 2025-06-30 ~ 2025-07-06 的LINE粉絲資料...

📅 日期：2025-06-30
  ⚠️ 此日期已存在於資料庫，略過寫入。

📅 日期：2025-07-01
  ⚠️ 此日期已存在於資料庫，略過寫入。

📅 日期：2025-07-02
  ⚠️ 此日期已存在於資料庫，略過寫入。

📅 日期：2025-07-03
  ⚠️ 此日期已存在於資料庫，略過寫入。

📅 日期：2025-07-04
  ⚠️ 此日期已存在於資料庫，略過寫入。

📅 日期：2025-07-05
  ⚠️ 此日期已存在於資料庫，略過寫入。

📅 日期：2025-07-06
  👥 總好友數(total_follower)：61404
  🚫 總封鎖數(total_blocks)：25001
  📣 可傳送好友數(reachable_users)：35734
  ➕ 新增好友數(new_followers)：9
  ➖ 新增封鎖數(new_blocks)：18
  🔄 淨增減數(net_gain)：-9
自動取得 2025-07-01 ~ 2025-07-07 的LINE粉絲資料...

📅 日期：2025-07-01
  ⚠️ 此日期已存在於資料庫，略過寫入。

📅 日期：2025-07-02
  ⚠️ 此日期已存在於資料庫，略過寫入。

📅 日期：2025-07-03
  ⚠️ 此日期已存在於資料庫，略過寫入。

📅 日期：2025-07-04
  ⚠️ 此日期已存在於資料庫，略過寫入。

📅 日期：2025-07-05
  ⚠️ 此日期已存在於資料庫，略過寫入。

📅 日期：2025-07-06
  ⚠️ 此日期已存在於資料庫，略過寫入。

📅 日期：2025-07-07
  👥 總好友數(total_follower)：61412
  🚫 總封鎖數(total_blocks)：25031
  📣 可傳送好友數(reachable_users)：35712
  ➕ 新增好友數(new_followers)：8
  ➖ 新增封鎖數(new_blocks)：30
  🔄 淨增減數(net_gain)：-22
自動取得 2025-07-02 ~ 2025-07-08 的LINE粉絲資料...

📅 日期：2025-07-02
  ⚠️ 此日期已存在於資料庫，略過寫入。

📅 日期：2025-07-03
  ⚠️ 此日期已存在於資料庫，略過寫入。

📅 日期：2025-07-04
  ⚠️ 此日期已存在於資料庫，略過寫入。

📅 日期：2025-07-05
  ⚠️ 此日期已存在於資料庫，略過寫入。

📅 日期：2025-07-06
  ⚠️ 此日期已存在於資料庫，略過寫入。

📅 日期：2025-07-07
  ⚠️ 此日期已存在於資料庫，略過寫入。

📅 日期：2025-07-08
  👥 總好友數(total_follower)：61422
  🚫 總封鎖數(total_blocks)：25055
  📣 可傳送好友數(reachable_users)：35696
  ➕ 新增好友數(new_followers)：10
  ➖ 新增封鎖數(new_blocks)：24
  🔄 淨增減數(net_gain)：-14
自動取得 2025-07-03 ~ 2025-07-09 的LINE粉絲資料...

📅 日期：2025-07-03
  ⚠️ 此日期已存在於資料庫，略過寫入。

📅 日期：2025-07-04
  ⚠️ 此日期已存在於資料庫，略過寫入。

📅 日期：2025-07-05
  ⚠️ 此日期已存在於資料庫，略過寫入。

📅 日期：2025-07-06
  ⚠️ 此日期已存在於資料庫，略過寫入。

📅 日期：2025-07-07
  ⚠️ 此日期已存在於資料庫，略過寫入。

📅 日期：2025-07-08
  ⚠️ 此日期已存在於資料庫，略過寫入。

📅 日期：2025-07-09
  👥 總好友數(total_follower)：61432
  🚫 總封鎖數(total_blocks)：25092
  📣 可傳送好友數(reachable_users)：35667
  ➕ 新增好友數(new_followers)：10
  ➖ 新增封鎖數(new_blocks)：37
  🔄 淨增減數(net_gain)：-27
自動取得 2025-07-04 ~ 2025-07-10 的LINE粉絲資料...

📅 日期：2025-07-04
  ⚠️ 此日期已存在於資料庫，略過寫入。

📅 日期：2025-07-05
  ⚠️ 此日期已存在於資料庫，略過寫入。

📅 日期：2025-07-06
  ⚠️ 此日期已存在於資料庫，略過寫入。

📅 日期：2025-07-07
  ⚠️ 此日期已存在於資料庫，略過寫入。

📅 日期：2025-07-08
  ⚠️ 此日期已存在於資料庫，略過寫入。

📅 日期：2025-07-09
  ⚠️ 此日期已存在於資料庫，略過寫入。

📅 日期：2025-07-10
  👥 總好友數(total_follower)：61441
  🚫 總封鎖數(total_blocks)：25147
  📣 可傳送好友數(reachable_users)：35621
  ➕ 新增好友數(new_followers)：9
  ➖ 新增封鎖數(new_blocks)：55
  🔄 淨增減數(net_gain)：-46
自動取得 2025-07-05 ~ 2025-07-11 的LINE粉絲資料...

📅 日期：2025-07-05
  ⚠️ 此日期已存在於資料庫，略過寫入。

📅 日期：2025-07-06
  ⚠️ 此日期已存在於資料庫，略過寫入。

📅 日期：2025-07-07
  ⚠️ 此日期已存在於資料庫，略過寫入。

📅 日期：2025-07-08
  ⚠️ 此日期已存在於資料庫，略過寫入。

📅 日期：2025-07-09
  ⚠️ 此日期已存在於資料庫，略過寫入。

📅 日期：2025-07-10
  ⚠️ 此日期已存在於資料庫，略過寫入。

📅 日期：2025-07-11
  👥 總好友數(total_follower)：61454
  🚫 總封鎖數(total_blocks)：25163
  📣 可傳送好友數(reachable_users)：35618
  ➕ 新增好友數(new_followers)：13
  ➖ 新增封鎖數(new_blocks)：16
  🔄 淨增減數(net_gain)：-3
自動取得 2025-07-06 ~ 2025-07-12 的LINE粉絲資料...

📅 日期：2025-07-06
  ⚠️ 此日期已存在於資料庫，略過寫入。

📅 日期：2025-07-07
  ⚠️ 此日期已存在於資料庫，略過寫入。

📅 日期：2025-07-08
  ⚠️ 此日期已存在於資料庫，略過寫入。

📅 日期：2025-07-09
  ⚠️ 此日期已存在於資料庫，略過寫入。

📅 日期：2025-07-10
  ⚠️ 此日期已存在於資料庫，略過寫入。

📅 日期：2025-07-11
  ⚠️ 此日期已存在於資料庫，略過寫入。

📅 日期：2025-07-12
  👥 總好友數(total_follower)：61465
  🚫 總封鎖數(total_blocks)：25173
  📣 可傳送好友數(reachable_users)：35617
  ➕ 新增好友數(new_followers)：11
  ➖ 新增封鎖數(new_blocks)：10
  🔄 淨增減數(net_gain)：1
自動取得 2025-07-07 ~ 2025-07-13 的LINE粉絲資料...

📅 日期：2025-07-07
  ⚠️ 此日期已存在於資料庫，略過寫入。

📅 日期：2025-07-08
  ⚠️ 此日期已存在於資料庫，略過寫入。

📅 日期：2025-07-09
  ⚠️ 此日期已存在於資料庫，略過寫入。

📅 日期：2025-07-10
  ⚠️ 此日期已存在於資料庫，略過寫入。

📅 日期：2025-07-11
  ⚠️ 此日期已存在於資料庫，略過寫入。

📅 日期：2025-07-12
  ⚠️ 此日期已存在於資料庫，略過寫入。

📅 日期：2025-07-13
  👥 總好友數(total_follower)：61485
  🚫 總封鎖數(total_blocks)：25215
  📣 可傳送好友數(reachable_users)：35595
  ➕ 新增好友數(new_followers)：20
  ➖ 新增封鎖數(new_blocks)：42
  🔄 淨增減數(net_gain)：-22
自動取得 2025-07-08 ~ 2025-07-14 的LINE粉絲資料...

📅 日期：2025-07-08
  ⚠️ 此日期已存在於資料庫，略過寫入。

📅 日期：2025-07-09
  ⚠️ 此日期已存在於資料庫，略過寫入。

📅 日期：2025-07-10
  ⚠️ 此日期已存在於資料庫，略過寫入。

📅 日期：2025-07-11
  ⚠️ 此日期已存在於資料庫，略過寫入。

📅 日期：2025-07-12
  ⚠️ 此日期已存在於資料庫，略過寫入。

📅 日期：2025-07-13
  ⚠️ 此日期已存在於資料庫，略過寫入。

📅 日期：2025-07-14
  👥 總好友數(total_follower)：61504
  🚫 總封鎖數(total_blocks)：25233
  📣 可傳送好友數(reachable_users)：35595
  ➕ 新增好友數(new_followers)：19
  ➖ 新增封鎖數(new_blocks)：18
  🔄 淨增減數(net_gain)：1
自動取得 2025-07-09 ~ 2025-07-15 的LINE粉絲資料...

📅 日期：2025-07-09
  ⚠️ 此日期已存在於資料庫，略過寫入。

📅 日期：2025-07-10
  ⚠️ 此日期已存在於資料庫，略過寫入。

📅 日期：2025-07-11
  ⚠️ 此日期已存在於資料庫，略過寫入。

📅 日期：2025-07-12
  ⚠️ 此日期已存在於資料庫，略過寫入。

📅 日期：2025-07-13
  ⚠️ 此日期已存在於資料庫，略過寫入。

📅 日期：2025-07-14
  ⚠️ 此日期已存在於資料庫，略過寫入。

📅 日期：2025-07-15
  👥 總好友數(total_follower)：61520
  🚫 總封鎖數(total_blocks)：25281
  📣 可傳送好友數(reachable_users)：35563
  ➕ 新增好友數(new_followers)：16
  ➖ 新增封鎖數(new_blocks)：48
  🔄 淨增減數(net_gain)：-32
自動取得 2025-07-10 ~ 2025-07-16 的LINE粉絲資料...

📅 日期：2025-07-10
  ⚠️ 此日期已存在於資料庫，略過寫入。

📅 日期：2025-07-11
  ⚠️ 此日期已存在於資料庫，略過寫入。

📅 日期：2025-07-12
  ⚠️ 此日期已存在於資料庫，略過寫入。

📅 日期：2025-07-13
  ⚠️ 此日期已存在於資料庫，略過寫入。

📅 日期：2025-07-14
  ⚠️ 此日期已存在於資料庫，略過寫入。

📅 日期：2025-07-15
  ⚠️ 此日期已存在於資料庫，略過寫入。

📅 日期：2025-07-16
  👥 總好友數(total_follower)：61529
  🚫 總封鎖數(total_blocks)：25312
  📣 可傳送好友數(reachable_users)：35541
  ➕ 新增好友數(new_followers)：9
  ➖ 新增封鎖數(new_blocks)：31
  🔄 淨增減數(net_gain)：-22
自動取得 2025-07-11 ~ 2025-07-17 的LINE粉絲資料...

📅 日期：2025-07-11
  ⚠️ 此日期已存在於資料庫，略過寫入。

📅 日期：2025-07-12
  ⚠️ 此日期已存在於資料庫，略過寫入。

📅 日期：2025-07-13
  ⚠️ 此日期已存在於資料庫，略過寫入。

📅 日期：2025-07-14
  ⚠️ 此日期已存在於資料庫，略過寫入。

📅 日期：2025-07-15
  ⚠️ 此日期已存在於資料庫，略過寫入。

📅 日期：2025-07-16
  ⚠️ 此日期已存在於資料庫，略過寫入。

📅 日期：2025-07-17
  👥 總好友數(total_follower)：61550
  🚫 總封鎖數(total_blocks)：25360
  📣 可傳送好友數(reachable_users)：35512
  ➕ 新增好友數(new_followers)：21
  ➖ 新增封鎖數(new_blocks)：48
  🔄 淨增減數(net_gain)：-27
自動取得 2025-07-12 ~ 2025-07-18 的LINE粉絲資料...

📅 日期：2025-07-12
  ⚠️ 此日期已存在於資料庫，略過寫入。

📅 日期：2025-07-13
  ⚠️ 此日期已存在於資料庫，略過寫入。

📅 日期：2025-07-14
  ⚠️ 此日期已存在於資料庫，略過寫入。

📅 日期：2025-07-15
  ⚠️ 此日期已存在於資料庫，略過寫入。

📅 日期：2025-07-16
  ⚠️ 此日期已存在於資料庫，略過寫入。

📅 日期：2025-07-17
  ⚠️ 此日期已存在於資料庫，略過寫入。

📅 日期：2025-07-18
  👥 總好友數(total_follower)：61571
  🚫 總封鎖數(total_blocks)：25373
  📣 可傳送好友數(reachable_users)：35520
  ➕ 新增好友數(new_followers)：21
  ➖ 新增封鎖數(new_blocks)：13
  🔄 淨增減數(net_gain)：8
自動取得 2025-07-13 ~ 2025-07-19 的LINE粉絲資料...

📅 日期：2025-07-13
  ⚠️ 此日期已存在於資料庫，略過寫入。

📅 日期：2025-07-14
  ⚠️ 此日期已存在於資料庫，略過寫入。

📅 日期：2025-07-15
  ⚠️ 此日期已存在於資料庫，略過寫入。

📅 日期：2025-07-16
  ⚠️ 此日期已存在於資料庫，略過寫入。

📅 日期：2025-07-17
  ⚠️ 此日期已存在於資料庫，略過寫入。

📅 日期：2025-07-18
  ⚠️ 此日期已存在於資料庫，略過寫入。

📅 日期：2025-07-19
  👥 總好友數(total_follower)：61587
  🚫 總封鎖數(total_blocks)：25374
  📣 可傳送好友數(reachable_users)：35533
  ➕ 新增好友數(new_followers)：16
  ➖ 新增封鎖數(new_blocks)：1
  🔄 淨增減數(net_gain)：15
自動取得 2025-07-14 ~ 2025-07-20 的LINE粉絲資料...

📅 日期：2025-07-14
  ⚠️ 此日期已存在於資料庫，略過寫入。

📅 日期：2025-07-15
  ⚠️ 此日期已存在於資料庫，略過寫入。

📅 日期：2025-07-16
  ⚠️ 此日期已存在於資料庫，略過寫入。

📅 日期：2025-07-17
  ⚠️ 此日期已存在於資料庫，略過寫入。

📅 日期：2025-07-18
  ⚠️ 此日期已存在於資料庫，略過寫入。

📅 日期：2025-07-19
  ⚠️ 此日期已存在於資料庫，略過寫入。

📅 日期：2025-07-20
  👥 總好友數(total_follower)：61618
  🚫 總封鎖數(total_blocks)：25382
  📣 可傳送好友數(reachable_users)：35556
  ➕ 新增好友數(new_followers)：31
  ➖ 新增封鎖數(new_blocks)：8
  🔄 淨增減數(net_gain)：23
自動取得 2025-07-15 ~ 2025-07-21 的LINE粉絲資料...

📅 日期：2025-07-15
  ⚠️ 此日期已存在於資料庫，略過寫入。

📅 日期：2025-07-16
  ⚠️ 此日期已存在於資料庫，略過寫入。

📅 日期：2025-07-17
  ⚠️ 此日期已存在於資料庫，略過寫入。

📅 日期：2025-07-18
  ⚠️ 此日期已存在於資料庫，略過寫入。

📅 日期：2025-07-19
  ⚠️ 此日期已存在於資料庫，略過寫入。

📅 日期：2025-07-20
  ⚠️ 此日期已存在於資料庫，略過寫入。

📅 日期：2025-07-21
  👥 總好友數(total_follower)：61641
  🚫 總封鎖數(total_blocks)：25405
  📣 可傳送好友數(reachable_users)：35554
  ➕ 新增好友數(new_followers)：23
  ➖ 新增封鎖數(new_blocks)：23
  🔄 淨增減數(net_gain)：0
自動取得 2025-07-16 ~ 2025-07-22 的LINE粉絲資料...

📅 日期：2025-07-16
  ⚠️ 此日期已存在於資料庫，略過寫入。

📅 日期：2025-07-17
  ⚠️ 此日期已存在於資料庫，略過寫入。

📅 日期：2025-07-18
  ⚠️ 此日期已存在於資料庫，略過寫入。

📅 日期：2025-07-19
  ⚠️ 此日期已存在於資料庫，略過寫入。

📅 日期：2025-07-20
  ⚠️ 此日期已存在於資料庫，略過寫入。

📅 日期：2025-07-21
  ⚠️ 此日期已存在於資料庫，略過寫入。

📅 日期：2025-07-22
  👥 總好友數(total_follower)：61651
  🚫 總封鎖數(total_blocks)：25421
  📣 可傳送好友數(reachable_users)：35547
  ➕ 新增好友數(new_followers)：10
  ➖ 新增封鎖數(new_blocks)：16
  🔄 淨增減數(net_gain)：-6
自動取得 2025-07-17 ~ 2025-07-23 的LINE粉絲資料...

📅 日期：2025-07-17
  ⚠️ 此日期已存在於資料庫，略過寫入。

📅 日期：2025-07-18
  ⚠️ 此日期已存在於資料庫，略過寫入。

📅 日期：2025-07-19
  ⚠️ 此日期已存在於資料庫，略過寫入。

📅 日期：2025-07-20
  ⚠️ 此日期已存在於資料庫，略過寫入。

📅 日期：2025-07-21
  ⚠️ 此日期已存在於資料庫，略過寫入。

📅 日期：2025-07-22
  ⚠️ 此日期已存在於資料庫，略過寫入。

📅 日期：2025-07-23
  👥 總好友數(total_follower)：61663
  🚫 總封鎖數(total_blocks)：25428
  📣 可傳送好友數(reachable_users)：35551
  ➕ 新增好友數(new_followers)：12
  ➖ 新增封鎖數(new_blocks)：7
  🔄 淨增減數(net_gain)：5
自動取得 2025-07-18 ~ 2025-07-24 的LINE粉絲資料...

📅 日期：2025-07-18
  ⚠️ 此日期已存在於資料庫，略過寫入。

📅 日期：2025-07-19
  ⚠️ 此日期已存在於資料庫，略過寫入。

📅 日期：2025-07-20
  ⚠️ 此日期已存在於資料庫，略過寫入。

📅 日期：2025-07-21
  ⚠️ 此日期已存在於資料庫，略過寫入。

📅 日期：2025-07-22
  ⚠️ 此日期已存在於資料庫，略過寫入。

📅 日期：2025-07-23
  ⚠️ 此日期已存在於資料庫，略過寫入。

📅 日期：2025-07-24
  👥 總好友數(total_follower)：61677
  🚫 總封鎖數(total_blocks)：25457
  📣 可傳送好友數(reachable_users)：35536
  ➕ 新增好友數(new_followers)：14
  ➖ 新增封鎖數(new_blocks)：29
  🔄 淨增減數(net_gain)：-15
自動取得 2025-07-19 ~ 2025-07-25 的LINE粉絲資料...

📅 日期：2025-07-19
  ⚠️ 此日期已存在於資料庫，略過寫入。

📅 日期：2025-07-20
  ⚠️ 此日期已存在於資料庫，略過寫入。

📅 日期：2025-07-21
  ⚠️ 此日期已存在於資料庫，略過寫入。

📅 日期：2025-07-22
  ⚠️ 此日期已存在於資料庫，略過寫入。

📅 日期：2025-07-23
  ⚠️ 此日期已存在於資料庫，略過寫入。

📅 日期：2025-07-24
  ⚠️ 此日期已存在於資料庫，略過寫入。

📅 日期：2025-07-25
  👥 總好友數(total_follower)：61696
  🚫 總封鎖數(total_blocks)：25473
  📣 可傳送好友數(reachable_users)：35538
  ➕ 新增好友數(new_followers)：19
  ➖ 新增封鎖數(new_blocks)：16
  🔄 淨增減數(net_gain)：3
自動取得 2025-07-20 ~ 2025-07-26 的LINE粉絲資料...

📅 日期：2025-07-20
  ⚠️ 此日期已存在於資料庫，略過寫入。

📅 日期：2025-07-21
  ⚠️ 此日期已存在於資料庫，略過寫入。

📅 日期：2025-07-22
  ⚠️ 此日期已存在於資料庫，略過寫入。

📅 日期：2025-07-23
  ⚠️ 此日期已存在於資料庫，略過寫入。

📅 日期：2025-07-24
  ⚠️ 此日期已存在於資料庫，略過寫入。

📅 日期：2025-07-25
  ⚠️ 此日期已存在於資料庫，略過寫入。

📅 日期：2025-07-26
  👥 總好友數(total_follower)：61713
  🚫 總封鎖數(total_blocks)：25490
  📣 可傳送好友數(reachable_users)：35538
  ➕ 新增好友數(new_followers)：17
  ➖ 新增封鎖數(new_blocks)：17
  🔄 淨增減數(net_gain)：0
自動取得 2025-07-21 ~ 2025-07-27 的LINE粉絲資料...

📅 日期：2025-07-21
  ⚠️ 此日期已存在於資料庫，略過寫入。

📅 日期：2025-07-22
  ⚠️ 此日期已存在於資料庫，略過寫入。

📅 日期：2025-07-23
  ⚠️ 此日期已存在於資料庫，略過寫入。

📅 日期：2025-07-24
  ⚠️ 此日期已存在於資料庫，略過寫入。

📅 日期：2025-07-25
  ⚠️ 此日期已存在於資料庫，略過寫入。

📅 日期：2025-07-26
  ⚠️ 此日期已存在於資料庫，略過寫入。

📅 日期：2025-07-27
  👥 總好友數(total_follower)：61729
  🚫 總封鎖數(total_blocks)：25515
  📣 可傳送好友數(reachable_users)：35528
  ➕ 新增好友數(new_followers)：16
  ➖ 新增封鎖數(new_blocks)：25
  🔄 淨增減數(net_gain)：-9
自動取得 2025-07-22 ~ 2025-07-28 的LINE粉絲資料...

📅 日期：2025-07-22
  ⚠️ 此日期已存在於資料庫，略過寫入。

📅 日期：2025-07-23
  ⚠️ 此日期已存在於資料庫，略過寫入。

📅 日期：2025-07-24
  ⚠️ 此日期已存在於資料庫，略過寫入。

📅 日期：2025-07-25
  ⚠️ 此日期已存在於資料庫，略過寫入。

📅 日期：2025-07-26
  ⚠️ 此日期已存在於資料庫，略過寫入。

📅 日期：2025-07-27
  ⚠️ 此日期已存在於資料庫，略過寫入。

📅 日期：2025-07-28
  👥 總好友數(total_follower)：61746
  🚫 總封鎖數(total_blocks)：25528
  📣 可傳送好友數(reachable_users)：35532
  ➕ 新增好友數(new_followers)：17
  ➖ 新增封鎖數(new_blocks)：13
  🔄 淨增減數(net_gain)：4
自動取得 2025-07-23 ~ 2025-07-29 的LINE粉絲資料...

📅 日期：2025-07-23
  ⚠️ 此日期已存在於資料庫，略過寫入。

📅 日期：2025-07-24
  ⚠️ 此日期已存在於資料庫，略過寫入。

📅 日期：2025-07-25
  ⚠️ 此日期已存在於資料庫，略過寫入。

📅 日期：2025-07-26
  ⚠️ 此日期已存在於資料庫，略過寫入。

📅 日期：2025-07-27
  ⚠️ 此日期已存在於資料庫，略過寫入。

📅 日期：2025-07-28
  ⚠️ 此日期已存在於資料庫，略過寫入。

📅 日期：2025-07-29
  👥 總好友數(total_follower)：61764
  🚫 總封鎖數(total_blocks)：25532
  📣 可傳送好友數(reachable_users)：35545
  ➕ 新增好友數(new_followers)：18
  ➖ 新增封鎖數(new_blocks)：4
  🔄 淨增減數(net_gain)：14
自動取得 2025-07-24 ~ 2025-07-30 的LINE粉絲資料...

📅 日期：2025-07-24
  ⚠️ 此日期已存在於資料庫，略過寫入。

📅 日期：2025-07-25
  ⚠️ 此日期已存在於資料庫，略過寫入。

📅 日期：2025-07-26
  ⚠️ 此日期已存在於資料庫，略過寫入。

📅 日期：2025-07-27
  ⚠️ 此日期已存在於資料庫，略過寫入。

📅 日期：2025-07-28
  ⚠️ 此日期已存在於資料庫，略過寫入。

📅 日期：2025-07-29
  ⚠️ 此日期已存在於資料庫，略過寫入。

📅 日期：2025-07-30
  👥 總好友數(total_follower)：61783
  🚫 總封鎖數(total_blocks)：25534
  📣 可傳送好友數(reachable_users)：35559
  ➕ 新增好友數(new_followers)：19
  ➖ 新增封鎖數(new_blocks)：2
  🔄 淨增減數(net_gain)：17
自動取得 2025-07-25 ~ 2025-07-31 的LINE粉絲資料...

📅 日期：2025-07-25
  ⚠️ 此日期已存在於資料庫，略過寫入。

📅 日期：2025-07-26
  ⚠️ 此日期已存在於資料庫，略過寫入。

📅 日期：2025-07-27
  ⚠️ 此日期已存在於資料庫，略過寫入。

📅 日期：2025-07-28
  ⚠️ 此日期已存在於資料庫，略過寫入。

📅 日期：2025-07-29
  ⚠️ 此日期已存在於資料庫，略過寫入。

📅 日期：2025-07-30
  ⚠️ 此日期已存在於資料庫，略過寫入。

📅 日期：2025-07-31
  👥 總好友數(total_follower)：61797
  🚫 總封鎖數(total_blocks)：25542
  📣 可傳送好友數(reachable_users)：35565
  ➕ 新增好友數(new_followers)：14
  ➖ 新增封鎖數(new_blocks)：8
  🔄 淨增減數(net_gain)：6
自動取得 2025-07-26 ~ 2025-08-01 的LINE粉絲資料...

📅 日期：2025-07-26
  ⚠️ 此日期已存在於資料庫，略過寫入。

📅 日期：2025-07-27
  ⚠️ 此日期已存在於資料庫，略過寫入。

📅 日期：2025-07-28
  ⚠️ 此日期已存在於資料庫，略過寫入。

📅 日期：2025-07-29
  ⚠️ 此日期已存在於資料庫，略過寫入。

📅 日期：2025-07-30
  ⚠️ 此日期已存在於資料庫，略過寫入。

📅 日期：2025-07-31
  ⚠️ 此日期已存在於資料庫，略過寫入。

📅 日期：2025-08-01
  👥 總好友數(total_follower)：61811
  🚫 總封鎖數(total_blocks)：25590
  📣 可傳送好友數(reachable_users)：35530
  ➕ 新增好友數(new_followers)：14
  ➖ 新增封鎖數(new_blocks)：48
  🔄 淨增減數(net_gain)：-34
自動取得 2025-07-27 ~ 2025-08-02 的LINE粉絲資料...

📅 日期：2025-07-27
  ⚠️ 此日期已存在於資料庫，略過寫入。

📅 日期：2025-07-28
  ⚠️ 此日期已存在於資料庫，略過寫入。

📅 日期：2025-07-29
  ⚠️ 此日期已存在於資料庫，略過寫入。

📅 日期：2025-07-30
  ⚠️ 此日期已存在於資料庫，略過寫入。

📅 日期：2025-07-31
  ⚠️ 此日期已存在於資料庫，略過寫入。

📅 日期：2025-08-01
  ⚠️ 此日期已存在於資料庫，略過寫入。

📅 日期：2025-08-02
  👥 總好友數(total_follower)：61827
  🚫 總封鎖數(total_blocks)：25603
  📣 可傳送好友數(reachable_users)：35533
  ➕ 新增好友數(new_followers)：16
  ➖ 新增封鎖數(new_blocks)：13
  🔄 淨增減數(net_gain)：3
自動取得 2025-07-28 ~ 2025-08-03 的LINE粉絲資料...

📅 日期：2025-07-28
  ⚠️ 此日期已存在於資料庫，略過寫入。

📅 日期：2025-07-29
  ⚠️ 此日期已存在於資料庫，略過寫入。

📅 日期：2025-07-30
  ⚠️ 此日期已存在於資料庫，略過寫入。

📅 日期：2025-07-31
  ⚠️ 此日期已存在於資料庫，略過寫入。

📅 日期：2025-08-01
  ⚠️ 此日期已存在於資料庫，略過寫入。

📅 日期：2025-08-02
  ⚠️ 此日期已存在於資料庫，略過寫入。

📅 日期：2025-08-03
  👥 總好友數(total_follower)：61872
  🚫 總封鎖數(total_blocks)：25611
  📣 可傳送好友數(reachable_users)：35570
  ➕ 新增好友數(new_followers)：45
  ➖ 新增封鎖數(new_blocks)：8
  🔄 淨增減數(net_gain)：37
自動取得 2025-07-29 ~ 2025-08-04 的LINE粉絲資料...

📅 日期：2025-07-29
  ⚠️ 此日期已存在於資料庫，略過寫入。

📅 日期：2025-07-30
  ⚠️ 此日期已存在於資料庫，略過寫入。

📅 日期：2025-07-31
  ⚠️ 此日期已存在於資料庫，略過寫入。

📅 日期：2025-08-01
  ⚠️ 此日期已存在於資料庫，略過寫入。

📅 日期：2025-08-02
  ⚠️ 此日期已存在於資料庫，略過寫入。

📅 日期：2025-08-03
  ⚠️ 此日期已存在於資料庫，略過寫入。

📅 日期：2025-08-04
  👥 總好友數(total_follower)：61913
  🚫 總封鎖數(total_blocks)：25632
  📣 可傳送好友數(reachable_users)：35587
  ➕ 新增好友數(new_followers)：41
  ➖ 新增封鎖數(new_blocks)：21
  🔄 淨增減數(net_gain)：20
自動取得 2025-07-30 ~ 2025-08-05 的LINE粉絲資料...

📅 日期：2025-07-30
  ⚠️ 此日期已存在於資料庫，略過寫入。

📅 日期：2025-07-31
  ⚠️ 此日期已存在於資料庫，略過寫入。

📅 日期：2025-08-01
  ⚠️ 此日期已存在於資料庫，略過寫入。

📅 日期：2025-08-02
  ⚠️ 此日期已存在於資料庫，略過寫入。

📅 日期：2025-08-03
  ⚠️ 此日期已存在於資料庫，略過寫入。

📅 日期：2025-08-04
  ⚠️ 此日期已存在於資料庫，略過寫入。

📅 日期：2025-08-05
  👥 總好友數(total_follower)：61957
  🚫 總封鎖數(total_blocks)：25647
  📣 可傳送好友數(reachable_users)：35616
  ➕ 新增好友數(new_followers)：44
  ➖ 新增封鎖數(new_blocks)：15
  🔄 淨增減數(net_gain)：29
自動取得 2025-07-31 ~ 2025-08-06 的LINE粉絲資料...

📅 日期：2025-07-31
  ⚠️ 此日期已存在於資料庫，略過寫入。

📅 日期：2025-08-01
  ⚠️ 此日期已存在於資料庫，略過寫入。

📅 日期：2025-08-02
  ⚠️ 此日期已存在於資料庫，略過寫入。

📅 日期：2025-08-03
  ⚠️ 此日期已存在於資料庫，略過寫入。

📅 日期：2025-08-04
  ⚠️ 此日期已存在於資料庫，略過寫入。

📅 日期：2025-08-05
  ⚠️ 此日期已存在於資料庫，略過寫入。

📅 日期：2025-08-06
  👥 總好友數(total_follower)：61994
  🚫 總封鎖數(total_blocks)：25652
  📣 可傳送好友數(reachable_users)：35648
  ➕ 新增好友數(new_followers)：37
  ➖ 新增封鎖數(new_blocks)：5
  🔄 淨增減數(net_gain)：32
自動取得 2025-08-01 ~ 2025-08-07 的LINE粉絲資料...

📅 日期：2025-08-01
  ⚠️ 此日期已存在於資料庫，略過寫入。

📅 日期：2025-08-02
  ⚠️ 此日期已存在於資料庫，略過寫入。

📅 日期：2025-08-03
  ⚠️ 此日期已存在於資料庫，略過寫入。

📅 日期：2025-08-04
  ⚠️ 此日期已存在於資料庫，略過寫入。

📅 日期：2025-08-05
  ⚠️ 此日期已存在於資料庫，略過寫入。

📅 日期：2025-08-06
  ⚠️ 此日期已存在於資料庫，略過寫入。

📅 日期：2025-08-07
  👥 總好友數(total_follower)：62048
  🚫 總封鎖數(total_blocks)：25661
  📣 可傳送好友數(reachable_users)：35692
  ➕ 新增好友數(new_followers)：54
  ➖ 新增封鎖數(new_blocks)：9
  🔄 淨增減數(net_gain)：45
自動取得 2025-08-02 ~ 2025-08-08 的LINE粉絲資料...

📅 日期：2025-08-02
  ⚠️ 此日期已存在於資料庫，略過寫入。

📅 日期：2025-08-03
  ⚠️ 此日期已存在於資料庫，略過寫入。

📅 日期：2025-08-04
  ⚠️ 此日期已存在於資料庫，略過寫入。

📅 日期：2025-08-05
  ⚠️ 此日期已存在於資料庫，略過寫入。

📅 日期：2025-08-06
  ⚠️ 此日期已存在於資料庫，略過寫入。

📅 日期：2025-08-07
  ⚠️ 此日期已存在於資料庫，略過寫入。

📅 日期：2025-08-08
  👥 總好友數(total_follower)：62132
  🚫 總封鎖數(total_blocks)：25666
  📣 可傳送好友數(reachable_users)：35770
  ➕ 新增好友數(new_followers)：84
  ➖ 新增封鎖數(new_blocks)：5
  🔄 淨增減數(net_gain)：79
自動取得 2025-08-03 ~ 2025-08-09 的LINE粉絲資料...

📅 日期：2025-08-03
  ⚠️ 此日期已存在於資料庫，略過寫入。

📅 日期：2025-08-04
  ⚠️ 此日期已存在於資料庫，略過寫入。

📅 日期：2025-08-05
  ⚠️ 此日期已存在於資料庫，略過寫入。

📅 日期：2025-08-06
  ⚠️ 此日期已存在於資料庫，略過寫入。

📅 日期：2025-08-07
  ⚠️ 此日期已存在於資料庫，略過寫入。

📅 日期：2025-08-08
  ⚠️ 此日期已存在於資料庫，略過寫入。

📅 日期：2025-08-09
  👥 總好友數(total_follower)：62201
  🚫 總封鎖數(total_blocks)：25711
  📣 可傳送好友數(reachable_users)：35793
  ➕ 新增好友數(new_followers)：69
  ➖ 新增封鎖數(new_blocks)：45
  🔄 淨增減數(net_gain)：24
自動取得 2025-08-04 ~ 2025-08-10 的LINE粉絲資料...

📅 日期：2025-08-04
  ⚠️ 此日期已存在於資料庫，略過寫入。

📅 日期：2025-08-05
  ⚠️ 此日期已存在於資料庫，略過寫入。

📅 日期：2025-08-06
  ⚠️ 此日期已存在於資料庫，略過寫入。

📅 日期：2025-08-07
  ⚠️ 此日期已存在於資料庫，略過寫入。

📅 日期：2025-08-08
  ⚠️ 此日期已存在於資料庫，略過寫入。

📅 日期：2025-08-09
  ⚠️ 此日期已存在於資料庫，略過寫入。

📅 日期：2025-08-10
  👥 總好友數(total_follower)：62378
  🚫 總封鎖數(total_blocks)：25751
  📣 可傳送好友數(reachable_users)：35930
  ➕ 新增好友數(new_followers)：177
  ➖ 新增封鎖數(new_blocks)：40
  🔄 淨增減數(net_gain)：137
自動取得 2025-08-05 ~ 2025-08-11 的LINE粉絲資料...

📅 日期：2025-08-05
  ⚠️ 此日期已存在於資料庫，略過寫入。

📅 日期：2025-08-06
  ⚠️ 此日期已存在於資料庫，略過寫入。

📅 日期：2025-08-07
  ⚠️ 此日期已存在於資料庫，略過寫入。

📅 日期：2025-08-08
  ⚠️ 此日期已存在於資料庫，略過寫入。

📅 日期：2025-08-09
  ⚠️ 此日期已存在於資料庫，略過寫入。

📅 日期：2025-08-10
  ⚠️ 此日期已存在於資料庫，略過寫入。

📅 日期：2025-08-11
  👥 總好友數(total_follower)：62418
  🚫 總封鎖數(total_blocks)：25777
  📣 可傳送好友數(reachable_users)：35943
  ➕ 新增好友數(new_followers)：40
  ➖ 新增封鎖數(new_blocks)：26
  🔄 淨增減數(net_gain)：14
自動取得 2025-08-06 ~ 2025-08-12 的LINE粉絲資料...

📅 日期：2025-08-06
  ⚠️ 此日期已存在於資料庫，略過寫入。

📅 日期：2025-08-07
  ⚠️ 此日期已存在於資料庫，略過寫入。

📅 日期：2025-08-08
  ⚠️ 此日期已存在於資料庫，略過寫入。

📅 日期：2025-08-09
  ⚠️ 此日期已存在於資料庫，略過寫入。

📅 日期：2025-08-10
  ⚠️ 此日期已存在於資料庫，略過寫入。

📅 日期：2025-08-11
  ⚠️ 此日期已存在於資料庫，略過寫入。

📅 日期：2025-08-12
  👥 總好友數(total_follower)：62436
  🚫 總封鎖數(total_blocks)：25791
  📣 可傳送好友數(reachable_users)：35947
  ➕ 新增好友數(new_followers)：18
  ➖ 新增封鎖數(new_blocks)：14
  🔄 淨增減數(net_gain)：4
自動取得 2025-08-07 ~ 2025-08-13 的LINE粉絲資料...

📅 日期：2025-08-07
  ⚠️ 此日期已存在於資料庫，略過寫入。

📅 日期：2025-08-08
  ⚠️ 此日期已存在於資料庫，略過寫入。

📅 日期：2025-08-09
  ⚠️ 此日期已存在於資料庫，略過寫入。

📅 日期：2025-08-10
  ⚠️ 此日期已存在於資料庫，略過寫入。

📅 日期：2025-08-11
  ⚠️ 此日期已存在於資料庫，略過寫入。

📅 日期：2025-08-12
  ⚠️ 此日期已存在於資料庫，略過寫入。

📅 日期：2025-08-13
  👥 總好友數(total_follower)：62456
  🚫 總封鎖數(total_blocks)：25801
  📣 可傳送好友數(reachable_users)：35957
  ➕ 新增好友數(new_followers)：20
  ➖ 新增封鎖數(new_blocks)：10
  🔄 淨增減數(net_gain)：10
